<?xml version="1.0" encoding="UTF-8"?>
<!-- Generated by org.testng.reporters.JUnitXMLReporter -->
<testsuite ignored="0" hostname="DESKTOP-N3G62FT" failures="0" tests="4" name="Default test" time="16.851" errors="0" timestamp="2025-07-21T15:50:34 IST">
  <testcase classname="testscript.LoginPageTest" name="VerifyUserCanLoginWithInvalidUsernameAndValidPassword" time="0.498"/>
  <testcase classname="testscript.LoginPageTest" name="verifyUserCanLoginWithInvalidCredentials" time="0.708"/>
  <testcase classname="testscript.LoginPageTest" name="verifyUserCanLoginWithValidCredentials" time="0.734"/>
  <testcase classname="testscript.LoginPageTest" name="verifyUserCanLoginWithValidUsernameAndInvalidPassword" time="0.734"/>
</testsuite> <!-- Default test -->
