<?xml version="1.0" encoding="UTF-8"?>
<!-- Generated by org.testng.reporters.JUnitXMLReporter -->
<testsuite ignored="0" hostname="DESKTOP-N3G62FT" failures="0" tests="4" name="Default test" time="21.866" errors="0" timestamp="2025-07-10T12:27:15 IST">
  <testcase classname="testscript.LoginPageTest" name="loginWithInvalidCredentials" time="0.46"/>
  <testcase classname="testscript.LoginPageTest" name="loginWithInvalidUsernameAndValidPassword" time="0.456"/>
  <testcase classname="testscript.LoginPageTest" name="loginWithValidCredentials" time="0.386"/>
  <testcase classname="testscript.LoginPageTest" name="loginWithValidUsernameAndInvalidPassword" time="0.417"/>
</testsuite> <!-- Default test -->
