<?xml version="1.0" encoding="UTF-8"?>
<testng-results ignored="0" total="2" passed="2" failed="0" skipped="0">
  <reporter-output>
  </reporter-output>
  <suite started-at="2025-08-02T12:50:24 IST" name="multibrowser" finished-at="2025-08-02T12:50:31 IST" duration-ms="6812">
    <groups>
    </groups>
    <test started-at="2025-08-02T12:50:24 IST" name="chrometest" finished-at="2025-08-02T12:50:29 IST" duration-ms="4586">
      <class name="testscript.LoginPageTest">
        <test-method is-config="true" signature="beforeMethod(java.lang.String)[pri:0, instance:testscript.LoginPageTest@68c9133c]" started-at="2025-08-02T12:50:24 IST" name="beforeMethod" finished-at="2025-08-02T12:50:27 IST" duration-ms="2759" status="PASS">
          <params>
            <param index="0">
              <value>
                <![CDATA[chrome]]>
              </value>
            </param>
          </params>
          <reporter-output>
          </reporter-output>
        </test-method> <!-- beforeMethod -->
        <test-method signature="verifyUserCanLoginWithValidCredentials()[pri:0, instance:testscript.LoginPageTest@68c9133c]" started-at="2025-08-02T12:50:27 IST" name="verifyUserCanLoginWithValidCredentials" finished-at="2025-08-02T12:50:29 IST" duration-ms="1462" status="PASS">
          <reporter-output>
          </reporter-output>
        </test-method> <!-- verifyUserCanLoginWithValidCredentials -->
        <test-method is-config="true" signature="afterMethod(org.testng.ITestResult)[pri:0, instance:testscript.LoginPageTest@68c9133c]" started-at="2025-08-02T12:50:29 IST" name="afterMethod" finished-at="2025-08-02T12:50:29 IST" duration-ms="326" status="PASS">
          <params>
            <param index="0">
              <value>
                <![CDATA[[TestResult name=verifyUserCanLoginWithValidCredentials status=SUCCESS method=LoginPageTest.verifyUserCanLoginWithValidCredentials()[pri:0, instance:testscript.LoginPageTest@68c9133c] output={null}]]]>
              </value>
            </param>
          </params>
          <reporter-output>
          </reporter-output>
        </test-method> <!-- afterMethod -->
      </class> <!-- testscript.LoginPageTest -->
    </test> <!-- chrometest -->
    <test started-at="2025-08-02T12:50:24 IST" name="firefox test" finished-at="2025-08-02T12:50:31 IST" duration-ms="6811">
      <class name="testscript.HomePageTest">
        <test-method is-config="true" signature="beforeMethod(java.lang.String)[pri:0, instance:testscript.HomePageTest@14fc5f04]" started-at="2025-08-02T12:50:24 IST" name="beforeMethod" finished-at="2025-08-02T12:50:29 IST" duration-ms="4980" status="PASS">
          <params>
            <param index="0">
              <value>
                <![CDATA[firefox]]>
              </value>
            </param>
          </params>
          <reporter-output>
          </reporter-output>
        </test-method> <!-- beforeMethod -->
        <test-method signature="verifyThatTheAdminLinkIsClickable()[pri:0, instance:testscript.HomePageTest@14fc5f04]" started-at="2025-08-02T12:50:29 IST" name="verifyThatTheAdminLinkIsClickable" finished-at="2025-08-02T12:50:30 IST" duration-ms="923" status="PASS">
          <reporter-output>
          </reporter-output>
        </test-method> <!-- verifyThatTheAdminLinkIsClickable -->
        <test-method is-config="true" signature="afterMethod(org.testng.ITestResult)[pri:0, instance:testscript.HomePageTest@14fc5f04]" started-at="2025-08-02T12:50:30 IST" name="afterMethod" finished-at="2025-08-02T12:50:31 IST" duration-ms="877" status="PASS">
          <params>
            <param index="0">
              <value>
                <![CDATA[[TestResult name=verifyThatTheAdminLinkIsClickable status=SUCCESS method=HomePageTest.verifyThatTheAdminLinkIsClickable()[pri:0, instance:testscript.HomePageTest@14fc5f04] output={null}]]]>
              </value>
            </param>
          </params>
          <reporter-output>
          </reporter-output>
        </test-method> <!-- afterMethod -->
      </class> <!-- testscript.HomePageTest -->
    </test> <!-- firefox test -->
  </suite> <!-- multibrowser -->
</testng-results>
