<?xml version="1.0" encoding="UTF-8"?>
<testng-results ignored="0" total="1" passed="1" failed="0" skipped="0">
  <reporter-output>
  </reporter-output>
  <suite started-at="2025-07-26T15:06:26 IST" name="Default suite" finished-at="2025-07-26T15:06:31 IST" duration-ms="5132">
    <groups>
    </groups>
    <test started-at="2025-07-26T15:06:26 IST" name="Default test" finished-at="2025-07-26T15:06:31 IST" duration-ms="5132">
      <class name="testscript.ManageCategoryTest">
        <test-method is-config="true" signature="beforeMethod()[pri:0, instance:testscript.ManageCategoryTest@742ff096]" started-at="2025-07-26T15:06:26 IST" name="beforeMethod" finished-at="2025-07-26T15:06:29 IST" duration-ms="2578" status="PASS">
          <reporter-output>
          </reporter-output>
        </test-method> <!-- beforeMethod -->
        <test-method signature="verifyThatTheUserIsAbleToAddNewCategory()[pri:0, instance:testscript.ManageCategoryTest@742ff096]" started-at="2025-07-26T15:06:29 IST" name="verifyThatTheUserIsAbleToAddNewCategory" finished-at="2025-07-26T15:06:31 IST" duration-ms="2525" status="PASS">
          <reporter-output>
          </reporter-output>
        </test-method> <!-- verifyThatTheUserIsAbleToAddNewCategory -->
        <test-method is-config="true" signature="afterMethod()[pri:0, instance:testscript.ManageCategoryTest@742ff096]" started-at="2025-07-26T15:06:31 IST" name="afterMethod" finished-at="2025-07-26T15:06:31 IST" duration-ms="0" status="PASS">
          <reporter-output>
          </reporter-output>
        </test-method> <!-- afterMethod -->
      </class> <!-- testscript.ManageCategoryTest -->
    </test> <!-- Default test -->
  </suite> <!-- Default suite -->
</testng-results>
