<?xml version="1.0" encoding="UTF-8"?>
<!-- Generated by org.testng.reporters.JUnitXMLReporter -->
<testsuite ignored="3" hostname="DESKTOP-N3G62FT" failures="0" tests="1" name="edgetest" time="0.223" errors="0" timestamp="2025-08-02T12:36:58 IST">
  <testcase classname="testscript.LoginPageTest" name="verifyUserCanLoginWithValidCredentials" time="0.0">
    <skipped/>
  </testcase> <!-- verifyUserCanLoginWithValidCredentials -->
  <testcase classname="testscript.LoginPageTest" name="verifyUserCanLoginWithValidUsernameAndInvalidPassword" time="0.0">
    <ignored/>
  </testcase> <!-- verifyUserCanLoginWithValidUsernameAndInvalidPassword -->
  <testcase classname="testscript.LoginPageTest" name="verifyUserCanLoginWithInvalidCredentials" time="0.0">
    <ignored/>
  </testcase> <!-- verifyUserCanLoginWithInvalidCredentials -->
  <testcase classname="testscript.LoginPageTest" name="VerifyUserCanLoginWithInvalidUsernameAndValidPassword" time="0.0">
    <ignored/>
  </testcase> <!-- VerifyUserCanLoginWithInvalidUsernameAndValidPassword -->
</testsuite> <!-- edgetest -->
