<?xml version="1.0" encoding="UTF-8"?>
<!-- Generated by org.testng.reporters.JUnitXMLReporter -->
<testsuite ignored="0" hostname="DESKTOP-N3G62FT" failures="0" tests="5" name="ExtendReport" time="21.368" errors="0" timestamp="2025-07-30T12:49:22 IST">
  <testcase classname="testscript.LoginPageTest" name="VerifyUserCanLoginWithInvalidUsernameAndValidPassword" time="1.223"/>
  <testcase classname="testscript.LoginPageTest" name="verifyUserCanLoginWithInvalidCredentials" time="0.566"/>
  <testcase classname="testscript.LoginPageTest" name="verifyUserCanLoginWithValidCredentials" time="0.785"/>
  <testcase classname="testscript.LoginPageTest" name="verifyUserCanLoginWithValidUsernameAndInvalidPassword" time="0.7"/>
  <testcase classname="testscript.HomePageTest" name="verifyThatTheAdminLinkIsClickable" time="1.483"/>
</testsuite> <!-- ExtendReport -->
