<?xml version="1.0" encoding="UTF-8"?>
<!-- Generated by org.testng.reporters.JUnitXMLReporter -->
<testsuite ignored="0" hostname="DESKTOP-N3G62FT" failures="0" tests="4" name="Default test" time="56.986" errors="0" timestamp="2025-07-11T16:04:20 IST">
  <testcase classname="BaseClass.LoginTest" name="enterUsernameAndPassword" time="3.644"/>
  <testcase classname="BaseClass.LoginTest" name="enterUsernameAndPassword" time="12.802"/>
  <testcase classname="BaseClass.LoginTest" name="enterUsernameAndPassword" time="7.024"/>
  <testcase classname="BaseClass.LoginTest" name="enterUsernameAndPassword" time="19.077"/>
</testsuite> <!-- Default test -->
