<?xml version="1.0" encoding="UTF-8"?>
<testng-results ignored="0" total="1" passed="1" failed="0" skipped="0">
  <reporter-output>
  </reporter-output>
  <suite started-at="2025-10-27T11:35:57 IST" name="Suite" finished-at="2025-10-27T11:36:16 IST" duration-ms="18801">
    <groups>
    </groups>
    <test started-at="2025-10-27T11:35:57 IST" name="adding agenda details" finished-at="2025-10-27T11:36:16 IST" duration-ms="18801">
      <class name="pagestestscript.Add_Agenda_Details_Test">
        <test-method is-config="true" signature="beforeMethod(java.lang.String)[pri:0, instance:pagestestscript.Add_Agenda_Details_Test@69e308c6]" started-at="2025-10-27T11:35:57 IST" name="beforeMethod" finished-at="2025-10-27T11:36:00 IST" duration-ms="2455" status="PASS">
          <params>
            <param index="0">
              <value>
                <![CDATA[chrome]]>
              </value>
            </param>
          </params>
          <reporter-output>
          </reporter-output>
        </test-method> <!-- beforeMethod -->
        <test-method signature="verifyThatTheUserIsAbleToAddAgendaDetails()[pri:0, instance:pagestestscript.Add_Agenda_Details_Test@69e308c6]" started-at="2025-10-27T11:36:00 IST" name="verifyThatTheUserIsAbleToAddAgendaDetails" finished-at="2025-10-27T11:36:16 IST" duration-ms="16293" status="PASS">
          <reporter-output>
          </reporter-output>
        </test-method> <!-- verifyThatTheUserIsAbleToAddAgendaDetails -->
        <test-method is-config="true" signature="afterMethod(org.testng.ITestResult)[pri:0, instance:pagestestscript.Add_Agenda_Details_Test@69e308c6]" started-at="2025-10-27T11:36:16 IST" name="afterMethod" finished-at="2025-10-27T11:36:16 IST" duration-ms="2" status="PASS">
          <params>
            <param index="0">
              <value>
                <![CDATA[[TestResult name=verifyThatTheUserIsAbleToAddAgendaDetails status=SUCCESS method=Add_Agenda_Details_Test.verifyThatTheUserIsAbleToAddAgendaDetails()[pri:0, instance:pagestestscript.Add_Agenda_Details_Test@69e308c6] output={null}]]]>
              </value>
            </param>
          </params>
          <reporter-output>
          </reporter-output>
        </test-method> <!-- afterMethod -->
      </class> <!-- pagestestscript.Add_Agenda_Details_Test -->
    </test> <!-- adding agenda details -->
  </suite> <!-- Suite -->
</testng-results>
