<?xml version="1.0" encoding="UTF-8"?>
<testng-results ignored="0" total="4" passed="4" failed="0" skipped="0">
  <reporter-output>
  </reporter-output>
  <suite started-at="2025-07-11T13:27:04 IST" name="Suite" finished-at="2025-07-11T13:27:26 IST" duration-ms="22026">
    <groups>
    </groups>
    <test started-at="2025-07-11T13:27:04 IST" name="Test" finished-at="2025-07-11T13:27:26 IST" duration-ms="22026">
      <class name="testscript.LoginPageTest">
        <test-method is-config="true" signature="beforeMethod()[pri:0, instance:testscript.LoginPageTest@53fb3dab]" started-at="2025-07-11T13:27:04 IST" name="beforeMethod" finished-at="2025-07-11T13:27:10 IST" duration-ms="6381" status="PASS">
          <reporter-output>
          </reporter-output>
        </test-method> <!-- beforeMethod -->
        <test-method signature="loginWithInvalidCredentials()[pri:0, instance:testscript.LoginPageTest@53fb3dab]" started-at="2025-07-11T13:27:10 IST" name="loginWithInvalidCredentials" finished-at="2025-07-11T13:27:10 IST" duration-ms="205" status="PASS">
          <reporter-output>
          </reporter-output>
        </test-method> <!-- loginWithInvalidCredentials -->
        <test-method is-config="true" signature="afterMethod()[pri:0, instance:testscript.LoginPageTest@53fb3dab]" started-at="2025-07-11T13:27:10 IST" name="afterMethod" finished-at="2025-07-11T13:27:11 IST" duration-ms="400" status="PASS">
          <reporter-output>
          </reporter-output>
        </test-method> <!-- afterMethod -->
        <test-method is-config="true" signature="beforeMethod()[pri:0, instance:testscript.LoginPageTest@53fb3dab]" started-at="2025-07-11T13:27:11 IST" name="beforeMethod" finished-at="2025-07-11T13:27:15 IST" duration-ms="4618" status="PASS">
          <reporter-output>
          </reporter-output>
        </test-method> <!-- beforeMethod -->
        <test-method signature="loginWithInvalidUsernameAndValidPassword()[pri:0, instance:testscript.LoginPageTest@53fb3dab]" started-at="2025-07-11T13:27:15 IST" name="loginWithInvalidUsernameAndValidPassword" finished-at="2025-07-11T13:27:16 IST" duration-ms="405" status="PASS">
          <reporter-output>
          </reporter-output>
        </test-method> <!-- loginWithInvalidUsernameAndValidPassword -->
        <test-method is-config="true" signature="afterMethod()[pri:0, instance:testscript.LoginPageTest@53fb3dab]" started-at="2025-07-11T13:27:16 IST" name="afterMethod" finished-at="2025-07-11T13:27:16 IST" duration-ms="415" status="PASS">
          <reporter-output>
          </reporter-output>
        </test-method> <!-- afterMethod -->
        <test-method is-config="true" signature="beforeMethod()[pri:0, instance:testscript.LoginPageTest@53fb3dab]" started-at="2025-07-11T13:27:16 IST" name="beforeMethod" finished-at="2025-07-11T13:27:20 IST" duration-ms="3993" status="PASS">
          <reporter-output>
          </reporter-output>
        </test-method> <!-- beforeMethod -->
        <test-method signature="loginWithValidCredentials()[pri:0, instance:testscript.LoginPageTest@53fb3dab]" started-at="2025-07-11T13:27:20 IST" name="loginWithValidCredentials" finished-at="2025-07-11T13:27:20 IST" duration-ms="304" status="PASS">
          <reporter-output>
          </reporter-output>
        </test-method> <!-- loginWithValidCredentials -->
        <test-method is-config="true" signature="afterMethod()[pri:0, instance:testscript.LoginPageTest@53fb3dab]" started-at="2025-07-11T13:27:21 IST" name="afterMethod" finished-at="2025-07-11T13:27:21 IST" duration-ms="419" status="PASS">
          <reporter-output>
          </reporter-output>
        </test-method> <!-- afterMethod -->
        <test-method is-config="true" signature="beforeMethod()[pri:0, instance:testscript.LoginPageTest@53fb3dab]" started-at="2025-07-11T13:27:21 IST" name="beforeMethod" finished-at="2025-07-11T13:27:25 IST" duration-ms="4034" status="PASS">
          <reporter-output>
          </reporter-output>
        </test-method> <!-- beforeMethod -->
        <test-method signature="loginWithValidUsernameAndInvalidPassword()[pri:0, instance:testscript.LoginPageTest@53fb3dab]" started-at="2025-07-11T13:27:25 IST" name="loginWithValidUsernameAndInvalidPassword" finished-at="2025-07-11T13:27:25 IST" duration-ms="383" status="PASS">
          <reporter-output>
          </reporter-output>
        </test-method> <!-- loginWithValidUsernameAndInvalidPassword -->
        <test-method is-config="true" signature="afterMethod()[pri:0, instance:testscript.LoginPageTest@53fb3dab]" started-at="2025-07-11T13:27:25 IST" name="afterMethod" finished-at="2025-07-11T13:27:26 IST" duration-ms="426" status="PASS">
          <reporter-output>
          </reporter-output>
        </test-method> <!-- afterMethod -->
      </class> <!-- testscript.LoginPageTest -->
    </test> <!-- Test -->
  </suite> <!-- Suite -->
</testng-results>
