<?xml version="1.0" encoding="UTF-8"?>
<!-- Generated by org.testng.reporters.JUnitXMLReporter -->
<testsuite ignored="6" hostname="DESKTOP-N3G62FT" failures="0" tests="1" name="Default test" time="6.528" errors="0" timestamp="2025-08-14T12:02:38 IST">
  <testcase classname="pagestestscript.LoginPageTest" name="verifyThatUserIsAbleToLoginAsPublicUserWithValidCredentials" time="3.23"/>
  <testcase classname="pagestestscript.LoginPageTest" name="verifyThatUserIsAbleToLoginAsPublicUserWithInvalidCredentials" time="0.0">
    <ignored/>
  </testcase> <!-- verifyThatUserIsAbleToLoginAsPublicUserWithInvalidCredentials -->
  <testcase classname="pagestestscript.LoginPageTest" name="verifyThatUserisAbleToLoginAsPublicUserWithoutChanginguserType" time="0.0">
    <ignored/>
  </testcase> <!-- verifyThatUserisAbleToLoginAsPublicUserWithoutChanginguserType -->
  <testcase classname="pagestestscript.LoginPageTest" name="verifyThatTheUserIsAbleToLoginAsSeepzUser" time="0.0">
    <ignored/>
  </testcase> <!-- verifyThatTheUserIsAbleToLoginAsSeepzUser -->
  <testcase classname="pagestestscript.LoginPageTest" name="verifyThatTheUserIsAbleToLoginWithValidUserNameAndInvalidPassword" time="0.0">
    <ignored/>
  </testcase> <!-- verifyThatTheUserIsAbleToLoginWithValidUserNameAndInvalidPassword -->
  <testcase classname="pagestestscript.LoginPageTest" name="verifyThatTheUserIsAbleToLoginAsSeepzUserWithInvalidCredentials" time="0.0">
    <ignored/>
  </testcase> <!-- verifyThatTheUserIsAbleToLoginAsSeepzUserWithInvalidCredentials -->
  <testcase classname="pagestestscript.LoginPageTest" name="verifyThatTheUserIsAbleToLoginWithInvalidUsenameAndValidPassword" time="0.0">
    <ignored/>
  </testcase> <!-- verifyThatTheUserIsAbleToLoginWithInvalidUsenameAndValidPassword -->
</testsuite> <!-- Default test -->
