<?xml version="1.0" encoding="UTF-8"?>
<!-- Generated by org.testng.reporters.JUnitXMLReporter -->
<testsuite ignored="6" hostname="DESKTOP-N3G62FT" failures="0" tests="1" name="Default test" time="8.662" errors="0" timestamp="2025-08-07T17:43:31 IST">
  <testcase classname="pagestestscript.LoginPageTest" name="verifyThatUserisAbleToLoginAsPublicUserWithoutChanginguserType" time="3.239"/>
  <testcase classname="pagestestscript.LoginPageTest" name="verifyThatUserIsAbleToLoginAsPublicUserWithValidCredentials" time="0.0">
    <ignored/>
  </testcase> <!-- verifyThatUserIsAbleToLoginAsPublicUserWithValidCredentials -->
  <testcase classname="pagestestscript.LoginPageTest" name="verifyThatUserIsAbleToLoginAsPublicUserWithInvalidCredentials" time="0.0">
    <ignored/>
  </testcase> <!-- verifyThatUserIsAbleToLoginAsPublicUserWithInvalidCredentials -->
  <testcase classname="pagestestscript.LoginPageTest" name="verifyThatTheUserIsAbleToLoginWithValidUserNameAndInvalidPassword" time="0.0">
    <ignored/>
  </testcase> <!-- verifyThatTheUserIsAbleToLoginWithValidUserNameAndInvalidPassword -->
  <testcase classname="pagestestscript.LoginPageTest" name="verifyThatTheUserIsAbleToLoginAsSeepzUserWithInvalidCredentials" time="0.0">
    <ignored/>
  </testcase> <!-- verifyThatTheUserIsAbleToLoginAsSeepzUserWithInvalidCredentials -->
  <testcase classname="pagestestscript.LoginPageTest" name="verifyThatTheUserIsAbleToLoginAsSeepzUser" time="0.0">
    <ignored/>
  </testcase> <!-- verifyThatTheUserIsAbleToLoginAsSeepzUser -->
  <testcase classname="pagestestscript.LoginPageTest" name="verifyThatTheUserIsAbleToLoginWithInvalidUsenameAndValidPassword" time="0.0">
    <ignored/>
  </testcase> <!-- verifyThatTheUserIsAbleToLoginWithInvalidUsenameAndValidPassword -->
</testsuite> <!-- Default test -->
