<?xml version="1.0" encoding="UTF-8"?>
<testng-results ignored="0" total="4" passed="4" failed="0" skipped="0">
  <reporter-output>
  </reporter-output>
  <suite started-at="2025-07-11T13:42:26 IST" name="Default suite" finished-at="2025-07-11T13:43:35 IST" duration-ms="69788">
    <groups>
    </groups>
    <test started-at="2025-07-11T13:42:26 IST" name="Default test" finished-at="2025-07-11T13:43:35 IST" duration-ms="69788">
      <class name="BaseClass.LoginTest">
        <test-method is-config="true" signature="beforeMethod()[pri:0, instance:BaseClass.LoginTest@73eb439a]" started-at="2025-07-11T13:42:26 IST" name="beforeMethod" finished-at="2025-07-11T13:42:29 IST" duration-ms="3353" status="PASS">
          <reporter-output>
          </reporter-output>
        </test-method> <!-- beforeMethod -->
        <test-method signature="enterUsernameAndPassword(java.lang.String,java.lang.String)[pri:0, instance:BaseClass.LoginTest@73eb439a]" started-at="2025-07-11T13:42:29 IST" name="enterUsernameAndPassword" data-provider="credentials" finished-at="2025-07-11T13:42:33 IST" duration-ms="4434" status="PASS">
          <params>
            <param index="0">
              <value>
                <![CDATA[jdcpc-mah@gov.in]]>
              </value>
            </param>
            <param index="1">
              <value>
                <![CDATA[pass]]>
              </value>
            </param>
          </params>
          <reporter-output>
          </reporter-output>
        </test-method> <!-- enterUsernameAndPassword -->
        <test-method is-config="true" signature="afterMethod()[pri:0, instance:BaseClass.LoginTest@73eb439a]" started-at="2025-07-11T13:42:33 IST" name="afterMethod" finished-at="2025-07-11T13:42:33 IST" duration-ms="1" status="PASS">
          <reporter-output>
          </reporter-output>
        </test-method> <!-- afterMethod -->
        <test-method is-config="true" signature="beforeMethod()[pri:0, instance:BaseClass.LoginTest@73eb439a]" started-at="2025-07-11T13:42:33 IST" name="beforeMethod" finished-at="2025-07-11T13:42:36 IST" duration-ms="2448" status="PASS">
          <reporter-output>
          </reporter-output>
        </test-method> <!-- beforeMethod -->
        <test-method signature="enterUsernameAndPassword(java.lang.String,java.lang.String)[pri:0, instance:BaseClass.LoginTest@73eb439a]" started-at="2025-07-11T13:42:36 IST" name="enterUsernameAndPassword" data-provider="credentials" finished-at="2025-07-11T13:43:03 IST" duration-ms="26669" status="PASS">
          <params>
            <param index="0">
              <value>
                <![CDATA[tests]]>
              </value>
            </param>
            <param index="1">
              <value>
                <![CDATA[pass]]>
              </value>
            </param>
          </params>
          <reporter-output>
          </reporter-output>
        </test-method> <!-- enterUsernameAndPassword -->
        <test-method is-config="true" signature="beforeMethod()[pri:0, instance:BaseClass.LoginTest@73eb439a]" started-at="2025-07-11T13:43:03 IST" name="beforeMethod" finished-at="2025-07-11T13:43:05 IST" duration-ms="2507" status="PASS">
          <reporter-output>
          </reporter-output>
        </test-method> <!-- beforeMethod -->
        <test-method is-config="true" signature="afterMethod()[pri:0, instance:BaseClass.LoginTest@73eb439a]" started-at="2025-07-11T13:43:03 IST" name="afterMethod" finished-at="2025-07-11T13:43:03 IST" duration-ms="0" status="PASS">
          <reporter-output>
          </reporter-output>
        </test-method> <!-- afterMethod -->
        <test-method signature="enterUsernameAndPassword(java.lang.String,java.lang.String)[pri:0, instance:BaseClass.LoginTest@73eb439a]" started-at="2025-07-11T13:43:05 IST" name="enterUsernameAndPassword" data-provider="credentials" finished-at="2025-07-11T13:43:08 IST" duration-ms="2457" status="PASS">
          <params>
            <param index="0">
              <value>
                <![CDATA[neeju@kran.co.in]]>
              </value>
            </param>
            <param index="1">
              <value>
                <![CDATA[test]]>
              </value>
            </param>
          </params>
          <reporter-output>
          </reporter-output>
        </test-method> <!-- enterUsernameAndPassword -->
        <test-method is-config="true" signature="afterMethod()[pri:0, instance:BaseClass.LoginTest@73eb439a]" started-at="2025-07-11T13:43:08 IST" name="afterMethod" finished-at="2025-07-11T13:43:08 IST" duration-ms="2" status="PASS">
          <reporter-output>
          </reporter-output>
        </test-method> <!-- afterMethod -->
        <test-method is-config="true" signature="beforeMethod()[pri:0, instance:BaseClass.LoginTest@73eb439a]" started-at="2025-07-11T13:43:08 IST" name="beforeMethod" finished-at="2025-07-11T13:43:10 IST" duration-ms="2309" status="PASS">
          <reporter-output>
          </reporter-output>
        </test-method> <!-- beforeMethod -->
        <test-method signature="enterUsernameAndPassword(java.lang.String,java.lang.String)[pri:0, instance:BaseClass.LoginTest@73eb439a]" started-at="2025-07-11T13:43:10 IST" name="enterUsernameAndPassword" data-provider="credentials" finished-at="2025-07-11T13:43:35 IST" duration-ms="25520" status="PASS">
          <params>
            <param index="0">
              <value>
                <![CDATA[tests]]>
              </value>
            </param>
            <param index="1">
              <value>
                <![CDATA[test]]>
              </value>
            </param>
          </params>
          <reporter-output>
          </reporter-output>
        </test-method> <!-- enterUsernameAndPassword -->
        <test-method is-config="true" signature="afterMethod()[pri:0, instance:BaseClass.LoginTest@73eb439a]" started-at="2025-07-11T13:43:35 IST" name="afterMethod" finished-at="2025-07-11T13:43:35 IST" duration-ms="0" status="PASS">
          <reporter-output>
          </reporter-output>
        </test-method> <!-- afterMethod -->
      </class> <!-- BaseClass.LoginTest -->
    </test> <!-- Default test -->
  </suite> <!-- Default suite -->
</testng-results>
