<?xml version="1.0" encoding="UTF-8"?>
<testng-results ignored="0" total="4" passed="4" failed="0" skipped="0">
  <reporter-output>
  </reporter-output>
  <suite started-at="2025-07-11T16:03:23 IST" name="Default suite" finished-at="2025-07-11T16:04:20 IST" duration-ms="56986">
    <groups>
    </groups>
    <test started-at="2025-07-11T16:03:23 IST" name="Default test" finished-at="2025-07-11T16:04:20 IST" duration-ms="56986">
      <class name="BaseClass.LoginTest">
        <test-method is-config="true" signature="beforeMethod()[pri:0, instance:BaseClass.LoginTest@606e4010]" started-at="2025-07-11T16:03:23 IST" name="beforeMethod" finished-at="2025-07-11T16:03:27 IST" duration-ms="4057" status="PASS">
          <reporter-output>
          </reporter-output>
        </test-method> <!-- beforeMethod -->
        <test-method signature="enterUsernameAndPassword(java.lang.String,java.lang.String)[pri:0, instance:BaseClass.LoginTest@606e4010]" started-at="2025-07-11T16:03:27 IST" name="enterUsernameAndPassword" data-provider="credentials" finished-at="2025-07-11T16:03:30 IST" duration-ms="3644" status="PASS">
          <params>
            <param index="0">
              <value>
                <![CDATA[jdcpc-mah@gov.in]]>
              </value>
            </param>
            <param index="1">
              <value>
                <![CDATA[pass]]>
              </value>
            </param>
          </params>
          <reporter-output>
          </reporter-output>
        </test-method> <!-- enterUsernameAndPassword -->
        <test-method is-config="true" signature="afterMethod()[pri:0, instance:BaseClass.LoginTest@606e4010]" started-at="2025-07-11T16:03:30 IST" name="afterMethod" finished-at="2025-07-11T16:03:31 IST" duration-ms="603" status="PASS">
          <reporter-output>
          </reporter-output>
        </test-method> <!-- afterMethod -->
        <test-method is-config="true" signature="beforeMethod()[pri:0, instance:BaseClass.LoginTest@606e4010]" started-at="2025-07-11T16:03:31 IST" name="beforeMethod" finished-at="2025-07-11T16:03:33 IST" duration-ms="2390" status="PASS">
          <reporter-output>
          </reporter-output>
        </test-method> <!-- beforeMethod -->
        <test-method signature="enterUsernameAndPassword(java.lang.String,java.lang.String)[pri:0, instance:BaseClass.LoginTest@606e4010]" started-at="2025-07-11T16:03:33 IST" name="enterUsernameAndPassword" data-provider="credentials" finished-at="2025-07-11T16:03:46 IST" duration-ms="12802" status="PASS">
          <params>
            <param index="0">
              <value>
                <![CDATA[tests]]>
              </value>
            </param>
            <param index="1">
              <value>
                <![CDATA[pass]]>
              </value>
            </param>
          </params>
          <reporter-output>
          </reporter-output>
        </test-method> <!-- enterUsernameAndPassword -->
        <test-method is-config="true" signature="afterMethod()[pri:0, instance:BaseClass.LoginTest@606e4010]" started-at="2025-07-11T16:03:46 IST" name="afterMethod" finished-at="2025-07-11T16:03:47 IST" duration-ms="619" status="PASS">
          <reporter-output>
          </reporter-output>
        </test-method> <!-- afterMethod -->
        <test-method is-config="true" signature="beforeMethod()[pri:0, instance:BaseClass.LoginTest@606e4010]" started-at="2025-07-11T16:03:47 IST" name="beforeMethod" finished-at="2025-07-11T16:03:49 IST" duration-ms="2582" status="PASS">
          <reporter-output>
          </reporter-output>
        </test-method> <!-- beforeMethod -->
        <test-method signature="enterUsernameAndPassword(java.lang.String,java.lang.String)[pri:0, instance:BaseClass.LoginTest@606e4010]" started-at="2025-07-11T16:03:49 IST" name="enterUsernameAndPassword" data-provider="credentials" finished-at="2025-07-11T16:03:56 IST" duration-ms="7024" status="PASS">
          <params>
            <param index="0">
              <value>
                <![CDATA[neeju@kran.co.in]]>
              </value>
            </param>
            <param index="1">
              <value>
                <![CDATA[test]]>
              </value>
            </param>
          </params>
          <reporter-output>
          </reporter-output>
        </test-method> <!-- enterUsernameAndPassword -->
        <test-method is-config="true" signature="afterMethod()[pri:0, instance:BaseClass.LoginTest@606e4010]" started-at="2025-07-11T16:03:56 IST" name="afterMethod" finished-at="2025-07-11T16:03:57 IST" duration-ms="544" status="PASS">
          <reporter-output>
          </reporter-output>
        </test-method> <!-- afterMethod -->
        <test-method is-config="true" signature="beforeMethod()[pri:0, instance:BaseClass.LoginTest@606e4010]" started-at="2025-07-11T16:03:57 IST" name="beforeMethod" finished-at="2025-07-11T16:04:00 IST" duration-ms="2823" status="PASS">
          <reporter-output>
          </reporter-output>
        </test-method> <!-- beforeMethod -->
        <test-method signature="enterUsernameAndPassword(java.lang.String,java.lang.String)[pri:0, instance:BaseClass.LoginTest@606e4010]" started-at="2025-07-11T16:04:00 IST" name="enterUsernameAndPassword" data-provider="credentials" finished-at="2025-07-11T16:04:19 IST" duration-ms="19077" status="PASS">
          <params>
            <param index="0">
              <value>
                <![CDATA[tests]]>
              </value>
            </param>
            <param index="1">
              <value>
                <![CDATA[test]]>
              </value>
            </param>
          </params>
          <reporter-output>
          </reporter-output>
        </test-method> <!-- enterUsernameAndPassword -->
        <test-method is-config="true" signature="afterMethod()[pri:0, instance:BaseClass.LoginTest@606e4010]" started-at="2025-07-11T16:04:19 IST" name="afterMethod" finished-at="2025-07-11T16:04:20 IST" duration-ms="751" status="PASS">
          <reporter-output>
          </reporter-output>
        </test-method> <!-- afterMethod -->
      </class> <!-- BaseClass.LoginTest -->
    </test> <!-- Default test -->
  </suite> <!-- Default suite -->
</testng-results>
