<?xml version="1.0" encoding="UTF-8"?>
<!-- Generated by org.testng.reporters.JUnitXMLReporter -->
<testsuite ignored="0" hostname="DESKTOP-N3G62FT" failures="0" tests="2" name="adding agenda details" time="25.322" errors="0" timestamp="2025-10-23T15:38:10 IST">
  <testcase classname="pagestestscript.AddAgendaTest" name="verifyThatTheUserIsAbleToAddAgenda" time="10.204"/>
  <testcase classname="pagestestscript.Add_Agenda_Details_Test" name="verifyThatTheUserIsAbleToAddAgendaDetails" time="11.293"/>
</testsuite> <!-- adding agenda details -->
