<?xml version="1.0" encoding="UTF-8"?>
<!-- Generated by org.testng.reporters.JUnitXMLReporter -->
<testsuite ignored="0" hostname="DESKTOP-N3G62FT" failures="1" tests="4" name="loginpage" time="62.395" errors="0" timestamp="2025-08-07T16:03:14 IST">
  <testcase classname="pagestestscript.LoginPageTest" name="verifyThatTheUserIsAbleToLoginAsSeepzUser" time="3.4">
    <failure type="java.lang.AssertionError" message="User is not able to login to the application using valid credentials expected [Rise :: Seat Selection] but found [RISe Log In Successful]">
      <![CDATA[java.lang.AssertionError: User is not able to login to the application using valid credentials expected [Rise :: Seat Selection] but found [RISe Log In Successful]
at pagestestscript.LoginPageTest.verifyThatTheUserIsAbleToLoginAsSeepzUser(LoginPageTest.java:18)
at java.base/java.util.ArrayList.forEach(ArrayList.java:1596)
... Removed 30 stack frames]]>
    </failure>
  </testcase> <!-- verifyThatTheUserIsAbleToLoginAsSeepzUser -->
  <testcase classname="pagestestscript.LoginPageTest" name="verifyThatTheUserIsAbleToLoginAsSeepzUserWithInvalidCredentials" time="21.843"/>
  <testcase classname="pagestestscript.LoginPageTest" name="verifyThatTheUserIsAbleToLoginWithInvalidUsenameAndValidPassword" time="3.045"/>
  <testcase classname="pagestestscript.LoginPageTest" name="verifyThatTheUserIsAbleToLoginWithValidUserNameAndInvalidPassword" time="21.227"/>
</testsuite> <!-- loginpage -->
