<?xml version="1.0" encoding="UTF-8"?>
<!-- Generated by org.testng.reporters.JUnitXMLReporter -->
<testsuite ignored="1" hostname="DESKTOP-N3G62FT" failures="0" tests="2" name="uac module" time="21.783" errors="0" timestamp="2025-08-22T10:33:03 IST">
  <testcase classname="pagestestscript.MeetingPageTest" name="verifyThatTheUserIsAbleToInitiateMeetingWithOutDate" time="8.051"/>
  <testcase classname="pagestestscript.MeetingPageTest" name="verifyThatTheUserIsAbleToInitiateMeetingWithOutFromTime" time="7.008"/>
  <testcase classname="pagestestscript.MeetingPageTest" name="verifyThatTheUserIsAbleToCreateMeeting" time="0.0">
    <ignored/>
  </testcase> <!-- verifyThatTheUserIsAbleToCreateMeeting -->
</testsuite> <!-- uac module -->
