<?xml version="1.0" encoding="UTF-8"?>
<!-- Generated by org.testng.reporters.JUnitXMLReporter -->
<testsuite ignored="1" hostname="DESKTOP-N3G62FT" failures="0" tests="4" name="uac module" time="64.879" errors="0" timestamp="2025-08-22T12:47:01 IST">
  <testcase classname="pagestestscript.MeetingPageTest" name="verifyThatTheUserIsAbleToInitiateMeetingWithOutDate" time="10.186"/>
  <testcase classname="pagestestscript.MeetingPageTest" name="verifyThatTheUserIsAbleToInitiateMeetingWithOutFromTime" time="17.722"/>
  <testcase classname="pagestestscript.MeetingPageTest" name="verifyThatTheUserIsAbleToInitiateMeetingWithOutToTime" time="8.865"/>
  <testcase classname="pagestestscript.MeetingPageTest" name="verifyThatTheUserIsAbleToInitiateMeetingWithoutVenue" time="14.544"/>
  <testcase classname="pagestestscript.MeetingPageTest" name="verifyThatTheUserIsAbleToCreateMeeting" time="0.0">
    <ignored/>
  </testcase> <!-- verifyThatTheUserIsAbleToCreateMeeting -->
</testsuite> <!-- uac module -->
