<?xml version="1.0" encoding="UTF-8"?>
<!-- Generated by org.testng.reporters.JUnitXMLReporter -->
<testsuite ignored="4" hostname="DESKTOP-N3G62FT" failures="0" tests="3" name="unitlogin" time="37.89" errors="0" timestamp="2025-08-14T12:50:43 IST">
  <testcase classname="pagestestscript.LoginPageTest" name="verifyThatUserIsAbleToLoginAsPublicUserWithValidCredentials" time="3.172"/>
  <testcase classname="pagestestscript.LoginPageTest" name="verifyThatUserIsAbleToLoginAsPublicUserWithInvalidCredentials" time="2.659"/>
  <testcase classname="pagestestscript.LoginPageTest" name="verifyThatUserisAbleToLoginAsPublicUserWithoutChanginguserType" time="23.139"/>
  <testcase classname="pagestestscript.LoginPageTest" name="verifyThatTheUserIsAbleToLoginAsSeepzUser" time="0.0">
    <ignored/>
  </testcase> <!-- verifyThatTheUserIsAbleToLoginAsSeepzUser -->
  <testcase classname="pagestestscript.LoginPageTest" name="verifyThatTheUserIsAbleToLoginAsSeepzUserWithInvalidCredentials" time="0.0">
    <ignored/>
  </testcase> <!-- verifyThatTheUserIsAbleToLoginAsSeepzUserWithInvalidCredentials -->
  <testcase classname="pagestestscript.LoginPageTest" name="verifyThatTheUserIsAbleToLoginWithValidUserNameAndInvalidPassword" time="0.0">
    <ignored/>
  </testcase> <!-- verifyThatTheUserIsAbleToLoginWithValidUserNameAndInvalidPassword -->
  <testcase classname="pagestestscript.LoginPageTest" name="verifyThatTheUserIsAbleToLoginWithInvalidUsenameAndValidPassword" time="0.0">
    <ignored/>
  </testcase> <!-- verifyThatTheUserIsAbleToLoginWithInvalidUsenameAndValidPassword -->
</testsuite> <!-- unitlogin -->
