<?xml version="1.0" encoding="UTF-8"?>
<!-- Generated by org.testng.reporters.JUnitXMLReporter -->
<testsuite ignored="0" hostname="DESKTOP-N3G62FT" failures="0" tests="4" name="Test" time="22.026" errors="0" timestamp="2025-07-11T13:27:26 IST">
  <testcase classname="testscript.LoginPageTest" name="loginWithInvalidCredentials" time="0.205"/>
  <testcase classname="testscript.LoginPageTest" name="loginWithInvalidUsernameAndValidPassword" time="0.405"/>
  <testcase classname="testscript.LoginPageTest" name="loginWithValidCredentials" time="0.304"/>
  <testcase classname="testscript.LoginPageTest" name="loginWithValidUsernameAndInvalidPassword" time="0.383"/>
</testsuite> <!-- Test -->
