<?xml version="1.0" encoding="UTF-8"?>
<!-- Generated by org.testng.reporters.JUnitXMLReporter -->
<testsuite ignored="3" hostname="DESKTOP-N3G62FT" failures="0" tests="1" name="chrometest" time="5.333" errors="0" timestamp="2025-08-04T11:18:51 IST">
  <testcase classname="testscript.LoginPageTest" name="verifyUserCanLoginWithValidCredentials" time="1.357"/>
  <testcase classname="testscript.LoginPageTest" name="verifyUserCanLoginWithValidUsernameAndInvalidPassword" time="0.0">
    <ignored/>
  </testcase> <!-- verifyUserCanLoginWithValidUsernameAndInvalidPassword -->
  <testcase classname="testscript.LoginPageTest" name="VerifyUserCanLoginWithInvalidUsernameAndValidPassword" time="0.0">
    <ignored/>
  </testcase> <!-- VerifyUserCanLoginWithInvalidUsernameAndValidPassword -->
  <testcase classname="testscript.LoginPageTest" name="verifyUserCanLoginWithInvalidCredentials" time="0.0">
    <ignored/>
  </testcase> <!-- verifyUserCanLoginWithInvalidCredentials -->
</testsuite> <!-- chrometest -->
